<?xml version="1.0" encoding="UTF-8"?>
<!-- Generated by org.testng.reporters.JUnitReportReporter -->
<testsuite hostname="LAPTOP-R5SC2BLC" failures="0" tests="1" name="com.lambdatest.TestNGTodoMobile" time="9.485" errors="0" timestamp="16 Aug 2024 16:18:28 GMT" skipped="0">
  <testcase classname="com.lambdatest.TestNGTodoMobile" name="basicTest" time="9.485"/>
</testsuite> <!-- com.lambdatest.TestNGTodoMobile -->
